<?xml version="1.0" encoding="UTF-8"?>
<testsuite xmlns:xsi="http://www.w3.org/2001/XMLSchema-instance" xsi:noNamespaceSchemaLocation="https://maven.apache.org/surefire/maven-surefire-plugin/xsd/surefire-test-report-3.0.xsd" version="3.0" name="runners.ArticlePageRunner" time="77.37" tests="6" errors="1" skipped="0" failures="0">
  <properties>
[...]
</properties>
  <testcase name="Headline and tab title" classname="CryptoNews article - high priority functional checks" time="21.578">
    <system-out><![CDATA[
@Sanity @HighPriority
Scenario: Headline and tab title                                      &amp#27;[90m# features/news_article_template.feature:9&amp#27;[0m
Opening URL: https://cryptonews.com/news/virginia-senate-committee-proposes-annual-funding-for-crypto-commission.htm
  &amp#27;[32mGiven &amp#27;[0m&amp#27;[32mI open the configured news article page&amp#27;[0m                       &amp#27;[90m# stepdefinitions.ArticleSteps.i_open_the_configured_news_article_page()&amp#27;[0m
  &amp#27;[32mThen &amp#27;[0m&amp#27;[32mthe article H1 headline should be visible and not empty&amp#27;[0m        &amp#27;[90m# stepdefinitions.ArticleSteps.the_article_h1_headline_should_be_visible_and_not_empty()&amp#27;[0m
  &amp#27;[32mAnd &amp#27;[0m&amp#27;[32mthe browser tab title should loosely match the article headline&amp#27;[0m &amp#27;[90m# stepdefinitions.ArticleSteps.the_browser_tab_title_should_loosely_match_the_article_headline()&amp#27;[0m
]]></system-out>
    <system-err><![CDATA[[main] INFO io.github.bonigarcia.wdm.WebDriverManager - Using chromedriver 141.0.7390.122 (resolved driver for Chrome 141)
[main] INFO io.github.bonigarcia.wdm.WebDriverManager - Exporting webdriver.chrome.driver as C:\Users\Sandesh\.cache\selenium\chromedriver\win64\141.0.7390.122\chromedriver.exe
Oct 30, 2025 12:15:33 AM org.openqa.selenium.devtools.CdpVersionFinder findNearestMatch
WARNING: Unable to find CDP implementation matching 141
Oct 30, 2025 12:15:33 AM org.openqa.selenium.chromium.ChromiumDriver lambda$new$5
WARNING: Unable to find version of CDP to use for 141.0.7390.123. You may need to include a dependency on a specific version of the CDP using something similar to `org.seleniumhq.selenium:selenium-devtools-v86:4.23.0` where the version ("v86") matches the version of the chromium-based browser you're using and the version number of the artifact is the same as Selenium's.
]]></system-err>
  </testcase>
  <testcase name="Publish date and author/section" classname="CryptoNews article - high priority functional checks" time="13.999">
    <system-out><![CDATA[
@Sanity @HighPriority
Scenario: Publish date and author/section             &amp#27;[90m# features/news_article_template.feature:13&amp#27;[0m
Opening URL: https://cryptonews.com/news/virginia-senate-committee-proposes-annual-funding-for-crypto-commission.htm
  &amp#27;[32mGiven &amp#27;[0m&amp#27;[32mI open the configured news article page&amp#27;[0m       &amp#27;[90m# stepdefinitions.ArticleSteps.i_open_the_configured_news_article_page()&amp#27;[0m
  &amp#27;[32mThen &amp#27;[0m&amp#27;[32mI should see a visible publish or updated date&amp#27;[0m &amp#27;[90m# stepdefinitions.ArticleSteps.i_should_see_a_visible_publish_or_updated_date()&amp#27;[0m
  &amp#27;[32mAnd &amp#27;[0m&amp#27;[32mI should see an author name or a section label&amp#27;[0m  &amp#27;[90m# stepdefinitions.ArticleSteps.i_should_see_an_author_name_or_a_section_label()&amp#27;[0m
]]></system-out>
    <system-err><![CDATA[[main] INFO io.github.bonigarcia.wdm.WebDriverManager - Using chromedriver 141.0.7390.122 (resolved driver for Chrome 141)
[main] INFO io.github.bonigarcia.wdm.WebDriverManager - Exporting webdriver.chrome.driver as C:\Users\Sandesh\.cache\selenium\chromedriver\win64\141.0.7390.122\chromedriver.exe
Oct 30, 2025 12:15:54 AM org.openqa.selenium.devtools.CdpVersionFinder findNearestMatch
WARNING: Unable to find CDP implementation matching 141
Oct 30, 2025 12:15:54 AM org.openqa.selenium.chromium.ChromiumDriver lambda$new$5
WARNING: Unable to find version of CDP to use for 141.0.7390.123. You may need to include a dependency on a specific version of the CDP using something similar to `org.seleniumhq.selenium:selenium-devtools-v86:4.23.0` where the version ("v86") matches the version of the chromium-based browser you're using and the version number of the artifact is the same as Selenium's.
]]></system-err>
  </testcase>
  <testcase name="Article body and images" classname="CryptoNews article - high priority functional checks" time="18.251">
    <system-out><![CDATA[
@Sanity @HighPriority
Scenario: Article body and images                                    &amp#27;[90m# features/news_article_template.feature:17&amp#27;[0m
Opening URL: https://cryptonews.com/news/virginia-senate-committee-proposes-annual-funding-for-crypto-commission.htm
  &amp#27;[32mGiven &amp#27;[0m&amp#27;[32mI open the configured news article page&amp#27;[0m                      &amp#27;[90m# stepdefinitions.ArticleSteps.i_open_the_configured_news_article_page()&amp#27;[0m
  &amp#27;[32mThen &amp#27;[0m&amp#27;[32mthe article body should contain multiple readable paragraphs&amp#27;[0m  &amp#27;[90m# stepdefinitions.ArticleSteps.the_article_body_should_contain_multiple_readable_paragraphs()&amp#27;[0m
  &amp#27;[32mAnd &amp#27;[0m&amp#27;[32marticle images should be loaded and include non-empty alt text&amp#27;[0m &amp#27;[90m# stepdefinitions.ArticleSteps.article_images_should_be_loaded_and_include_non_empty_alt_text()&amp#27;[0m
]]></system-out>
    <system-err><![CDATA[[main] INFO io.github.bonigarcia.wdm.WebDriverManager - Using chromedriver 141.0.7390.122 (resolved driver for Chrome 141)
[main] INFO io.github.bonigarcia.wdm.WebDriverManager - Exporting webdriver.chrome.driver as C:\Users\Sandesh\.cache\selenium\chromedriver\win64\141.0.7390.122\chromedriver.exe
Oct 30, 2025 12:16:08 AM org.openqa.selenium.devtools.CdpVersionFinder findNearestMatch
WARNING: Unable to find CDP implementation matching 141
Oct 30, 2025 12:16:08 AM org.openqa.selenium.chromium.ChromiumDriver lambda$new$5
WARNING: Unable to find version of CDP to use for 141.0.7390.123. You may need to include a dependency on a specific version of the CDP using something similar to `org.seleniumhq.selenium:selenium-devtools-v86:4.23.0` where the version ("v86") matches the version of the chromium-based browser you're using and the version number of the artifact is the same as Selenium's.
]]></system-err>
  </testcase>
  <testcase name="Basic SEO surface tags in DOM" classname="CryptoNews article - high priority functional checks" time="7.559">
    <system-out><![CDATA[
@Sanity @HighPriority
Scenario: Basic SEO surface tags in DOM                  &amp#27;[90m# features/news_article_template.feature:21&amp#27;[0m
Opening URL: https://cryptonews.com/news/virginia-senate-committee-proposes-annual-funding-for-crypto-commission.htm
  &amp#27;[32mGiven &amp#27;[0m&amp#27;[32mI open the configured news article page&amp#27;[0m          &amp#27;[90m# stepdefinitions.ArticleSteps.i_open_the_configured_news_article_page()&amp#27;[0m
  &amp#27;[32mThen &amp#27;[0m&amp#27;[32ma canonical link tag should exist and be absolute&amp#27;[0m &amp#27;[90m# stepdefinitions.ArticleSteps.a_canonical_link_tag_should_exist_and_be_absolute()&amp#27;[0m
  &amp#27;[32mAnd &amp#27;[0m&amp#27;[32mOpen Graph and Twitter meta tags should be present&amp#27;[0m &amp#27;[90m# stepdefinitions.ArticleSteps.open_graph_and_twitter_meta_tags_should_be_present()&amp#27;[0m
]]></system-out>
    <system-err><![CDATA[[main] INFO io.github.bonigarcia.wdm.WebDriverManager - Using chromedriver 141.0.7390.122 (resolved driver for Chrome 141)
[main] INFO io.github.bonigarcia.wdm.WebDriverManager - Exporting webdriver.chrome.driver as C:\Users\Sandesh\.cache\selenium\chromedriver\win64\141.0.7390.122\chromedriver.exe
Oct 30, 2025 12:16:26 AM org.openqa.selenium.devtools.CdpVersionFinder findNearestMatch
WARNING: Unable to find CDP implementation matching 141
Oct 30, 2025 12:16:26 AM org.openqa.selenium.chromium.ChromiumDriver lambda$new$5
WARNING: Unable to find version of CDP to use for 141.0.7390.123. You may need to include a dependency on a specific version of the CDP using something similar to `org.seleniumhq.selenium:selenium-devtools-v86:4.23.0` where the version ("v86") matches the version of the chromium-based browser you're using and the version number of the artifact is the same as Selenium's.
]]></system-err>
  </testcase>
  <testcase name="Structured data presence for NewsArticle" classname="CryptoNews article - high priority functional checks" time="7.44">
    <system-out><![CDATA[
@Sanity @HighPriority
Scenario: Structured data presence for NewsArticle              &amp#27;[90m# features/news_article_template.feature:25&amp#27;[0m
Opening URL: https://cryptonews.com/news/virginia-senate-committee-proposes-annual-funding-for-crypto-commission.htm
  &amp#27;[32mGiven &amp#27;[0m&amp#27;[32mI open the configured news article page&amp#27;[0m                 &amp#27;[90m# stepdefinitions.ArticleSteps.i_open_the_configured_news_article_page()&amp#27;[0m
  &amp#27;[32mThen &amp#27;[0m&amp#27;[32mthere should be JSON-LD containing "@type":"NewsArticle"&amp#27;[0m &amp#27;[90m# stepdefinitions.ArticleSteps.there_should_be_json_ld_containing_newsarticle()&amp#27;[0m
  &amp#27;[32mAnd &amp#27;[0m&amp#27;[32mit should include &amp#27;[0m&amp#27;[32m&amp#27;[1m"headline"&amp#27;[0m&amp#27;[32m and &amp#27;[0m&amp#27;[32m&amp#27;[1m"datePublished"&amp#27;[0m          &amp#27;[90m# stepdefinitions.ArticleSteps.it_should_include_and(java.lang.String,java.lang.String)&amp#27;[0m
]]></system-out>
    <system-err><![CDATA[[main] INFO io.github.bonigarcia.wdm.WebDriverManager - Using chromedriver 141.0.7390.122 (resolved driver for Chrome 141)
[main] INFO io.github.bonigarcia.wdm.WebDriverManager - Exporting webdriver.chrome.driver as C:\Users\Sandesh\.cache\selenium\chromedriver\win64\141.0.7390.122\chromedriver.exe
Oct 30, 2025 12:16:34 AM org.openqa.selenium.devtools.CdpVersionFinder findNearestMatch
WARNING: Unable to find CDP implementation matching 141
Oct 30, 2025 12:16:34 AM org.openqa.selenium.chromium.ChromiumDriver lambda$new$5
WARNING: Unable to find version of CDP to use for 141.0.7390.123. You may need to include a dependency on a specific version of the CDP using something similar to `org.seleniumhq.selenium:selenium-devtools-v86:4.23.0` where the version ("v86") matches the version of the chromium-based browser you're using and the version number of the artifact is the same as Selenium's.
]]></system-err>
  </testcase>
  <testcase name="Google News follow is available and points to a valid Google News URL" classname="CryptoNews article - high priority functional checks" time="7.787">
    <error message="The step &apos;I open the Google News follow link&apos; is undefined.&#10;You can implement this step using the snippet(s) below:&#10;&#10;@When(&quot;I open the Google News follow link&quot;)&#10;public void i_open_the_google_news_follow_link() {&#10;    // Write code here that turns the phrase above into concrete actions&#10;    throw new io.cucumber.java.PendingException();&#10;}&#10;" type="io.cucumber.junit.platform.engine.UndefinedStepException"><![CDATA[io.cucumber.junit.platform.engine.UndefinedStepException: 
The step 'I open the Google News follow link' is undefined.
You can implement this step using the snippet(s) below:

@When("I open the Google News follow link")
public void i_open_the_google_news_follow_link() {
    // Write code here that turns the phrase above into concrete actions
    throw new io.cucumber.java.PendingException();
}

	at io.cucumber.core.runtime.TestCaseResultObserver.assertTestCasePassed(TestCaseResultObserver.java:69)
	at io.cucumber.junit.platform.engine.TestCaseResultObserver.assertTestCasePassed(TestCaseResultObserver.java:22)
	at io.cucumber.junit.platform.engine.CucumberEngineExecutionContext.lambda$runTestCase$4(CucumberEngineExecutionContext.java:114)
	at io.cucumber.core.runtime.CucumberExecutionContext.lambda$runTestCase$5(CucumberExecutionContext.java:137)
	at io.cucumber.core.runtime.RethrowingThrowableCollector.executeAndThrow(RethrowingThrowableCollector.java:23)
	at io.cucumber.core.runtime.CucumberExecutionContext.runTestCase(CucumberExecutionContext.java:137)
	at io.cucumber.junit.platform.engine.CucumberEngineExecutionContext.runTestCase(CucumberEngineExecutionContext.java:109)
	at io.cucumber.junit.platform.engine.NodeDescriptor$PickleDescriptor.execute(NodeDescriptor.java:168)
	at io.cucumber.junit.platform.engine.NodeDescriptor$PickleDescriptor.execute(NodeDescriptor.java:90)
	at java.base/java.util.ArrayList.forEach(ArrayList.java:1511)
	at java.base/java.util.ArrayList.forEach(ArrayList.java:1511)
]]></error>
    <system-out><![CDATA[
@Sanity @HighPriority
Scenario: Google News follow is available and points to a valid Google News URL &amp#27;[90m# features/news_article_template.feature:29&amp#27;[0m
Opening URL: https://cryptonews.com/news/virginia-senate-committee-proposes-annual-funding-for-crypto-commission.htm
  &amp#27;[32mGiven &amp#27;[0m&amp#27;[32mI open the configured news article page&amp#27;[0m                                 &amp#27;[90m# stepdefinitions.ArticleSteps.i_open_the_configured_news_article_page()&amp#27;[0m
  &amp#27;[32mThen &amp#27;[0m&amp#27;[32ma &amp#27;[0m&amp#27;[32m&amp#27;[1m"Follow us on Google News"&amp#27;[0m&amp#27;[32m control should be visible&amp#27;[0m                   &amp#27;[90m# stepdefinitions.ArticleSteps.a_named_control_should_be_visible(java.lang.String)&amp#27;[0m
  &amp#27;[32mAnd &amp#27;[0m&amp#27;[32mthe Google News follow link should point to a valid Google News URL&amp#27;[0m       &amp#27;[90m# stepdefinitions.ArticleSteps.the_google_news_follow_link_should_point_to_a_valid_Google_News_URL()&amp#27;[0m
  &amp#27;[33mWhen &amp#27;[0m&amp#27;[33mI open the Google News follow link&amp#27;[0m
  &amp#27;[36mThen &amp#27;[0m&amp#27;[36mI should land on a Google News page for this publisher&amp#27;[0m                   &amp#27;[90m# stepdefinitions.ArticleSteps.i_should_land_on_Google_News_page_for_this_publisher()&amp#27;[0m
]]></system-out>
    <system-err><![CDATA[[main] INFO io.github.bonigarcia.wdm.WebDriverManager - Using chromedriver 141.0.7390.122 (resolved driver for Chrome 141)
[main] INFO io.github.bonigarcia.wdm.WebDriverManager - Exporting webdriver.chrome.driver as C:\Users\Sandesh\.cache\selenium\chromedriver\win64\141.0.7390.122\chromedriver.exe
Oct 30, 2025 12:16:41 AM org.openqa.selenium.devtools.CdpVersionFinder findNearestMatch
WARNING: Unable to find CDP implementation matching 141
Oct 30, 2025 12:16:41 AM org.openqa.selenium.chromium.ChromiumDriver lambda$new$5
WARNING: Unable to find version of CDP to use for 141.0.7390.123. You may need to include a dependency on a specific version of the CDP using something similar to `org.seleniumhq.selenium:selenium-devtools-v86:4.23.0` where the version ("v86") matches the version of the chromium-based browser you're using and the version number of the artifact is the same as Selenium's.
]]></system-err>
  </testcase>
</testsuite>